2024-11-28 14:37:23,787 INFO o.a.j.u.JMeterUtils: Setting Locale to en_EN
2024-11-28 14:37:23,823 INFO o.a.j.JMeter: Loading user properties from: /opt/apache-jmeter-5.5/bin/user.properties
2024-11-28 14:37:23,824 INFO o.a.j.JMeter: Loading system properties from: /opt/apache-jmeter-5.5/bin/system.properties
2024-11-28 14:37:23,831 INFO o.a.j.JMeter: Copyright (c) 1998-2022 The Apache Software Foundation
2024-11-28 14:37:23,831 INFO o.a.j.JMeter: Version 5.5
2024-11-28 14:37:23,831 INFO o.a.j.JMeter: java.version=17.0.13
2024-11-28 14:37:23,832 INFO o.a.j.JMeter: java.vm.name=OpenJDK 64-Bit Server VM
2024-11-28 14:37:23,832 INFO o.a.j.JMeter: os.name=Linux
2024-11-28 14:37:23,832 INFO o.a.j.JMeter: os.arch=aarch64
2024-11-28 14:37:23,832 INFO o.a.j.JMeter: os.version=6.8.0-49-generic
2024-11-28 14:37:23,832 INFO o.a.j.JMeter: file.encoding=UTF-8
2024-11-28 14:37:23,832 INFO o.a.j.JMeter: java.awt.headless=null
2024-11-28 14:37:23,832 INFO o.a.j.JMeter: Max memory     =1073741824
2024-11-28 14:37:23,832 INFO o.a.j.JMeter: Available Processors =8
2024-11-28 14:37:23,841 INFO o.a.j.JMeter: Default Locale=English (EN)
2024-11-28 14:37:23,841 INFO o.a.j.JMeter: JMeter  Locale=English (EN)
2024-11-28 14:37:23,841 INFO o.a.j.JMeter: JMeterHome=/opt/apache-jmeter-5.5
2024-11-28 14:37:23,841 INFO o.a.j.JMeter: user.dir  =/home/test
2024-11-28 14:37:23,841 INFO o.a.j.JMeter: PWD       =/home/test
2024-11-28 14:37:23,888 INFO o.a.j.JMeter: IP: 10.0.2.15 Name: jmeter FullName: jmeter
